<?xml version="1.0" encoding="UTF-8"?>
<!-- Generated by org.testng.reporters.JUnitReportReporter -->
<testsuite hostname="DESKTOP-M8ARC8E" name="com.slt.tests.LoginpageTests" tests="1" failures="0" timestamp="23 May 2021 15:15:10 GMT" time="7.656" errors="0">
  <testcase name="test1" time="7.656" classname="com.slt.tests.LoginpageTests"/>
</testsuite> <!-- com.slt.tests.LoginpageTests -->
