<?xml version="1.0" encoding="UTF-8"?>
<!-- Generated by org.testng.reporters.JUnitReportReporter -->
<testsuite skipped="0" hostname="DESKTOP-M8ARC8E" name="com.slt.tests.OrangeHRMTests" tests="2" failures="0" timestamp="30 May 2021 10:15:23 GMT" time="31.252" errors="0">
  <testcase name="loginLogoutTests" time="15.629" classname="com.slt.tests.OrangeHRMTests"/>
  <testcase name="loginLogoutTests" time="15.623" classname="com.slt.tests.OrangeHRMTests"/>
</testsuite> <!-- com.slt.tests.OrangeHRMTests -->
